<?xml version="1.0" encoding="UTF-8"?>
<!-- Generated by org.testng.reporters.JUnitReportReporter -->
<testsuite hostname="DESKTOP-PNAKNP6" failures="0" tests="1" name="FAC.FACWORK.keytrak" time="19.234" errors="0" timestamp="11 Apr 2023 00:40:44 GMT" skipped="0">
  <testcase classname="FAC.FACWORK.keytrak" name="f1" time="19.234"/>
</testsuite> <!-- FAC.FACWORK.keytrak -->
